<?xml version="1.0" encoding="UTF-8"?>
<!-- Generated by org.testng.reporters.JUnitReportReporter -->
<testsuite hostname="DESKTOP-DC3TDDU" failures="0" tests="1" name="A11_Demo.TC01_Login" time="30.185" errors="0" timestamp="2021-10-29T09:39:51 IST" skipped="0">
  <testcase classname="A11_Demo.TC01_Login" name="LoginTest" time="30.185"/>
  <system-out/>
</testsuite> <!-- A11_Demo.TC01_Login -->
