<?xml version="1.0" encoding="UTF-8"?>
<!-- Generated by org.testng.reporters.JUnitReportReporter -->
<testsuite hostname="Kumar" failures="0" tests="1" name="Day_025_ExcelUtil_Apache_POI.Test2_Nationalities" time="14.847" errors="0" timestamp="2021-11-25T09:59:18 IST" skipped="0">
  <testcase classname="Day_025_ExcelUtil_Apache_POI.Test2_Nationalities" name="Login_Test" time="14.847"/>
  <system-out/>
</testsuite> <!-- Day_025_ExcelUtil_Apache_POI.Test2_Nationalities -->
