<?xml version="1.0" encoding="UTF-8"?>
<!-- Generated by org.testng.reporters.JUnitReportReporter -->
<testsuite hostname="Kumar" failures="0" tests="1" name="A1_Day01.NewTest" time="22.243" errors="0" timestamp="2021-11-19T15:12:32 IST" skipped="0">
  <testcase classname="A1_Day01.NewTest" name="OpenChromeBrowser" time="22.243"/>
  <system-out/>
</testsuite> <!-- A1_Day01.NewTest -->
