<?xml version="1.0" encoding="UTF-8"?>
<!-- Generated by org.testng.reporters.JUnitReportReporter -->
<testsuite hostname="Kumar" failures="0" tests="1" name="Day_002_Java.TC05_Login_NonStatic_Paarameters" time="66.686" errors="0" timestamp="2021-11-19T15:27:59 IST" skipped="0">
  <testcase classname="Day_002_Java.TC05_Login_NonStatic_Paarameters" name="Login_Test" time="66.686"/>
  <system-out/>
</testsuite> <!-- Day_002_Java.TC05_Login_NonStatic_Paarameters -->
