<?xml version="1.0" encoding="UTF-8"?>
<!-- Generated by org.testng.reporters.JUnitReportReporter -->
<testsuite hostname="Kumar" failures="0" tests="1" name="Day_025_ExcelUtil_Apache_POI.Test1_Add_Skills" time="12.929" errors="0" timestamp="2021-11-25T09:56:38 IST" skipped="0">
  <testcase classname="Day_025_ExcelUtil_Apache_POI.Test1_Add_Skills" name="AddSkillsTest" time="12.929"/>
  <system-out/>
</testsuite> <!-- Day_025_ExcelUtil_Apache_POI.Test1_Add_Skills -->
