<?xml version="1.0" encoding="UTF-8"?>
<!-- Generated by org.testng.reporters.JUnitReportReporter -->
<testsuite hostname="Kumar" failures="0" tests="1" name="Day_025_ExcelUtil_Apache_POI.TC07_Excel_Test_xlsx2" time="26.769" errors="0" timestamp="2021-11-25T09:42:23 IST" skipped="0">
  <testcase classname="Day_025_ExcelUtil_Apache_POI.TC07_Excel_Test_xlsx2" name="hello" time="26.769"/>
  <system-out/>
</testsuite> <!-- Day_025_ExcelUtil_Apache_POI.TC07_Excel_Test_xlsx2 -->
